[22-Jan-2024 09:57:00 UTC] PHP Warning:  Trying to access array offset on value of type null in /opt/lampp/htdocs/elementor/wp-content/plugins/elementor/includes/embed.php on line 185
[22-Jan-2024 10:22:03 UTC] PHP Fatal error:  Uncaught Error: Class "Elementor\Maintenance" not found in /opt/lampp/htdocs/elementor/wp-content/plugins/elementor/includes/plugin.php:877
Stack trace:
#0 /opt/lampp/htdocs/elementor/wp-content/plugins/elementor/includes/plugin.php(620): Elementor\Plugin->__construct()
#1 /opt/lampp/htdocs/elementor/wp-content/plugins/elementor/includes/plugin.php(891): Elementor\Plugin::instance()
#2 /opt/lampp/htdocs/elementor/wp-content/plugins/elementor/elementor.php(53): require('/opt/lampp/htdo...')
#3 /opt/lampp/htdocs/elementor/wp-settings.php(473): include_once('/opt/lampp/htdo...')
#4 /opt/lampp/htdocs/elementor/wp-config.php(101): require_once('/opt/lampp/htdo...')
#5 /opt/lampp/htdocs/elementor/wp-load.php(50): require_once('/opt/lampp/htdo...')
#6 /opt/lampp/htdocs/elementor/wp-admin/admin-ajax.php(22): require_once('/opt/lampp/htdo...')
#7 {main}
  thrown in /opt/lampp/htdocs/elementor/wp-content/plugins/elementor/includes/plugin.php on line 877
[22-Jan-2024 10:22:19 UTC] PHP Fatal error:  Uncaught Error: Class "Elementor\Maintenance" not found in /opt/lampp/htdocs/elementor/wp-content/plugins/elementor/includes/plugin.php:877
Stack trace:
#0 /opt/lampp/htdocs/elementor/wp-content/plugins/elementor/includes/plugin.php(620): Elementor\Plugin->__construct()
#1 /opt/lampp/htdocs/elementor/wp-content/plugins/elementor/includes/plugin.php(891): Elementor\Plugin::instance()
#2 /opt/lampp/htdocs/elementor/wp-content/plugins/elementor/elementor.php(53): require('/opt/lampp/htdo...')
#3 /opt/lampp/htdocs/elementor/wp-settings.php(473): include_once('/opt/lampp/htdo...')
#4 /opt/lampp/htdocs/elementor/wp-config.php(101): require_once('/opt/lampp/htdo...')
#5 /opt/lampp/htdocs/elementor/wp-load.php(50): require_once('/opt/lampp/htdo...')
#6 /opt/lampp/htdocs/elementor/wp-admin/admin-ajax.php(22): require_once('/opt/lampp/htdo...')
#7 {main}
  thrown in /opt/lampp/htdocs/elementor/wp-content/plugins/elementor/includes/plugin.php on line 877
[22-Jan-2024 10:22:47 UTC] PHP Fatal error:  Uncaught Error: Class "Elementor\Maintenance" not found in /opt/lampp/htdocs/elementor/wp-content/plugins/elementor/includes/plugin.php:877
Stack trace:
#0 /opt/lampp/htdocs/elementor/wp-content/plugins/elementor/includes/plugin.php(620): Elementor\Plugin->__construct()
#1 /opt/lampp/htdocs/elementor/wp-content/plugins/elementor/includes/plugin.php(891): Elementor\Plugin::instance()
#2 /opt/lampp/htdocs/elementor/wp-content/plugins/elementor/elementor.php(53): require('/opt/lampp/htdo...')
#3 /opt/lampp/htdocs/elementor/wp-settings.php(473): include_once('/opt/lampp/htdo...')
#4 /opt/lampp/htdocs/elementor/wp-config.php(101): require_once('/opt/lampp/htdo...')
#5 /opt/lampp/htdocs/elementor/wp-load.php(50): require_once('/opt/lampp/htdo...')
#6 /opt/lampp/htdocs/elementor/wp-admin/admin-ajax.php(22): require_once('/opt/lampp/htdo...')
#7 {main}
  thrown in /opt/lampp/htdocs/elementor/wp-content/plugins/elementor/includes/plugin.php on line 877
[22-Jan-2024 10:23:06 UTC] PHP Fatal error:  Uncaught Error: Class "Elementor\Maintenance" not found in /opt/lampp/htdocs/elementor/wp-content/plugins/elementor/includes/plugin.php:877
Stack trace:
#0 /opt/lampp/htdocs/elementor/wp-content/plugins/elementor/includes/plugin.php(620): Elementor\Plugin->__construct()
#1 /opt/lampp/htdocs/elementor/wp-content/plugins/elementor/includes/plugin.php(891): Elementor\Plugin::instance()
#2 /opt/lampp/htdocs/elementor/wp-content/plugins/elementor/elementor.php(53): require('/opt/lampp/htdo...')
#3 /opt/lampp/htdocs/elementor/wp-settings.php(473): include_once('/opt/lampp/htdo...')
#4 /opt/lampp/htdocs/elementor/wp-config.php(101): require_once('/opt/lampp/htdo...')
#5 /opt/lampp/htdocs/elementor/wp-load.php(50): require_once('/opt/lampp/htdo...')
#6 /opt/lampp/htdocs/elementor/wp-admin/admin-ajax.php(22): require_once('/opt/lampp/htdo...')
#7 {main}
  thrown in /opt/lampp/htdocs/elementor/wp-content/plugins/elementor/includes/plugin.php on line 877
[22-Jan-2024 10:23:06 UTC] PHP Fatal error:  Uncaught Error: Class "Elementor\Maintenance" not found in /opt/lampp/htdocs/elementor/wp-content/plugins/elementor/includes/plugin.php:877
Stack trace:
#0 /opt/lampp/htdocs/elementor/wp-content/plugins/elementor/includes/plugin.php(620): Elementor\Plugin->__construct()
#1 /opt/lampp/htdocs/elementor/wp-content/plugins/elementor/includes/plugin.php(891): Elementor\Plugin::instance()
#2 /opt/lampp/htdocs/elementor/wp-content/plugins/elementor/elementor.php(53): require('/opt/lampp/htdo...')
#3 /opt/lampp/htdocs/elementor/wp-settings.php(473): include_once('/opt/lampp/htdo...')
#4 /opt/lampp/htdocs/elementor/wp-config.php(101): require_once('/opt/lampp/htdo...')
#5 /opt/lampp/htdocs/elementor/wp-load.php(50): require_once('/opt/lampp/htdo...')
#6 /opt/lampp/htdocs/elementor/wp-blog-header.php(13): require_once('/opt/lampp/htdo...')
#7 /opt/lampp/htdocs/elementor/index.php(17): require('/opt/lampp/htdo...')
#8 {main}
  thrown in /opt/lampp/htdocs/elementor/wp-content/plugins/elementor/includes/plugin.php on line 877
[22-Jan-2024 10:23:06 UTC] PHP Notice:  Function is_embed was called incorrectly. Conditional query tags do not work before the query is run. Before then, they always return false. Please see <a>Debugging in WordPress</a> for more information. (This message was added in version 3.1.0.) in /opt/lampp/htdocs/elementor/wp-includes/functions.php on line 6031
[22-Jan-2024 10:23:06 UTC] PHP Notice:  Function is_search was called incorrectly. Conditional query tags do not work before the query is run. Before then, they always return false. Please see <a>Debugging in WordPress</a> for more information. (This message was added in version 3.1.0.) in /opt/lampp/htdocs/elementor/wp-includes/functions.php on line 6031
[22-Jan-2024 10:23:06 UTC] PHP Fatal error:  Uncaught Error: Class "Elementor\Maintenance" not found in /opt/lampp/htdocs/elementor/wp-content/plugins/elementor/includes/plugin.php:877
Stack trace:
#0 /opt/lampp/htdocs/elementor/wp-content/plugins/elementor/includes/plugin.php(620): Elementor\Plugin->__construct()
#1 /opt/lampp/htdocs/elementor/wp-content/plugins/elementor/includes/plugin.php(891): Elementor\Plugin::instance()
#2 /opt/lampp/htdocs/elementor/wp-content/plugins/elementor/elementor.php(53): require('/opt/lampp/htdo...')
#3 /opt/lampp/htdocs/elementor/wp-settings.php(473): include_once('/opt/lampp/htdo...')
#4 /opt/lampp/htdocs/elementor/wp-config.php(101): require_once('/opt/lampp/htdo...')
#5 /opt/lampp/htdocs/elementor/wp-load.php(50): require_once('/opt/lampp/htdo...')
#6 /opt/lampp/htdocs/elementor/wp-blog-header.php(13): require_once('/opt/lampp/htdo...')
#7 /opt/lampp/htdocs/elementor/index.php(17): require('/opt/lampp/htdo...')
#8 {main}
  thrown in /opt/lampp/htdocs/elementor/wp-content/plugins/elementor/includes/plugin.php on line 877
[22-Jan-2024 10:23:06 UTC] PHP Notice:  Function is_embed was called incorrectly. Conditional query tags do not work before the query is run. Before then, they always return false. Please see <a>Debugging in WordPress</a> for more information. (This message was added in version 3.1.0.) in /opt/lampp/htdocs/elementor/wp-includes/functions.php on line 6031
[22-Jan-2024 10:23:06 UTC] PHP Notice:  Function is_search was called incorrectly. Conditional query tags do not work before the query is run. Before then, they always return false. Please see <a>Debugging in WordPress</a> for more information. (This message was added in version 3.1.0.) in /opt/lampp/htdocs/elementor/wp-includes/functions.php on line 6031
[22-Jan-2024 10:23:20 UTC] PHP Fatal error:  Uncaught Error: Class "Elementor\Maintenance" not found in /opt/lampp/htdocs/elementor/wp-content/plugins/elementor/includes/plugin.php:877
Stack trace:
#0 /opt/lampp/htdocs/elementor/wp-content/plugins/elementor/includes/plugin.php(620): Elementor\Plugin->__construct()
#1 /opt/lampp/htdocs/elementor/wp-content/plugins/elementor/includes/plugin.php(891): Elementor\Plugin::instance()
#2 /opt/lampp/htdocs/elementor/wp-content/plugins/elementor/elementor.php(53): require('/opt/lampp/htdo...')
#3 /opt/lampp/htdocs/elementor/wp-settings.php(473): include_once('/opt/lampp/htdo...')
#4 /opt/lampp/htdocs/elementor/wp-config.php(101): require_once('/opt/lampp/htdo...')
#5 /opt/lampp/htdocs/elementor/wp-load.php(50): require_once('/opt/lampp/htdo...')
#6 /opt/lampp/htdocs/elementor/wp-admin/admin-ajax.php(22): require_once('/opt/lampp/htdo...')
#7 {main}
  thrown in /opt/lampp/htdocs/elementor/wp-content/plugins/elementor/includes/plugin.php on line 877
[22-Jan-2024 10:23:21 UTC] PHP Fatal error:  Uncaught Error: Class "Elementor\Maintenance" not found in /opt/lampp/htdocs/elementor/wp-content/plugins/elementor/includes/plugin.php:877
Stack trace:
#0 /opt/lampp/htdocs/elementor/wp-content/plugins/elementor/includes/plugin.php(620): Elementor\Plugin->__construct()
#1 /opt/lampp/htdocs/elementor/wp-content/plugins/elementor/includes/plugin.php(891): Elementor\Plugin::instance()
#2 /opt/lampp/htdocs/elementor/wp-content/plugins/elementor/elementor.php(53): require('/opt/lampp/htdo...')
#3 /opt/lampp/htdocs/elementor/wp-settings.php(473): include_once('/opt/lampp/htdo...')
#4 /opt/lampp/htdocs/elementor/wp-config.php(101): require_once('/opt/lampp/htdo...')
#5 /opt/lampp/htdocs/elementor/wp-load.php(50): require_once('/opt/lampp/htdo...')
#6 /opt/lampp/htdocs/elementor/wp-admin/admin-ajax.php(22): require_once('/opt/lampp/htdo...')
#7 {main}
  thrown in /opt/lampp/htdocs/elementor/wp-content/plugins/elementor/includes/plugin.php on line 877
[22-Jan-2024 10:23:24 UTC] PHP Fatal error:  Uncaught Error: Class "Elementor\Maintenance" not found in /opt/lampp/htdocs/elementor/wp-content/plugins/elementor/includes/plugin.php:877
Stack trace:
#0 /opt/lampp/htdocs/elementor/wp-content/plugins/elementor/includes/plugin.php(620): Elementor\Plugin->__construct()
#1 /opt/lampp/htdocs/elementor/wp-content/plugins/elementor/includes/plugin.php(891): Elementor\Plugin::instance()
#2 /opt/lampp/htdocs/elementor/wp-content/plugins/elementor/elementor.php(53): require('/opt/lampp/htdo...')
#3 /opt/lampp/htdocs/elementor/wp-settings.php(473): include_once('/opt/lampp/htdo...')
#4 /opt/lampp/htdocs/elementor/wp-config.php(101): require_once('/opt/lampp/htdo...')
#5 /opt/lampp/htdocs/elementor/wp-load.php(50): require_once('/opt/lampp/htdo...')
#6 /opt/lampp/htdocs/elementor/wp-blog-header.php(13): require_once('/opt/lampp/htdo...')
#7 /opt/lampp/htdocs/elementor/index.php(17): require('/opt/lampp/htdo...')
#8 {main}
  thrown in /opt/lampp/htdocs/elementor/wp-content/plugins/elementor/includes/plugin.php on line 877
[22-Jan-2024 10:23:24 UTC] PHP Notice:  Function is_embed was called incorrectly. Conditional query tags do not work before the query is run. Before then, they always return false. Please see <a>Debugging in WordPress</a> for more information. (This message was added in version 3.1.0.) in /opt/lampp/htdocs/elementor/wp-includes/functions.php on line 6031
[22-Jan-2024 10:23:24 UTC] PHP Notice:  Function is_search was called incorrectly. Conditional query tags do not work before the query is run. Before then, they always return false. Please see <a>Debugging in WordPress</a> for more information. (This message was added in version 3.1.0.) in /opt/lampp/htdocs/elementor/wp-includes/functions.php on line 6031
[22-Jan-2024 10:23:48 UTC] PHP Fatal error:  Uncaught Error: Class "Elementor\Maintenance" not found in /opt/lampp/htdocs/elementor/wp-content/plugins/elementor/includes/plugin.php:877
Stack trace:
#0 /opt/lampp/htdocs/elementor/wp-content/plugins/elementor/includes/plugin.php(620): Elementor\Plugin->__construct()
#1 /opt/lampp/htdocs/elementor/wp-content/plugins/elementor/includes/plugin.php(891): Elementor\Plugin::instance()
#2 /opt/lampp/htdocs/elementor/wp-content/plugins/elementor/elementor.php(53): require('/opt/lampp/htdo...')
#3 /opt/lampp/htdocs/elementor/wp-settings.php(473): include_once('/opt/lampp/htdo...')
#4 /opt/lampp/htdocs/elementor/wp-config.php(101): require_once('/opt/lampp/htdo...')
#5 /opt/lampp/htdocs/elementor/wp-load.php(50): require_once('/opt/lampp/htdo...')
#6 /opt/lampp/htdocs/elementor/wp-admin/admin-ajax.php(22): require_once('/opt/lampp/htdo...')
#7 {main}
  thrown in /opt/lampp/htdocs/elementor/wp-content/plugins/elementor/includes/plugin.php on line 877
[22-Jan-2024 10:23:49 UTC] PHP Fatal error:  Uncaught Error: Class "Elementor\Maintenance" not found in /opt/lampp/htdocs/elementor/wp-content/plugins/elementor/includes/plugin.php:877
Stack trace:
#0 /opt/lampp/htdocs/elementor/wp-content/plugins/elementor/includes/plugin.php(620): Elementor\Plugin->__construct()
#1 /opt/lampp/htdocs/elementor/wp-content/plugins/elementor/includes/plugin.php(891): Elementor\Plugin::instance()
#2 /opt/lampp/htdocs/elementor/wp-content/plugins/elementor/elementor.php(53): require('/opt/lampp/htdo...')
#3 /opt/lampp/htdocs/elementor/wp-settings.php(473): include_once('/opt/lampp/htdo...')
#4 /opt/lampp/htdocs/elementor/wp-config.php(101): require_once('/opt/lampp/htdo...')
#5 /opt/lampp/htdocs/elementor/wp-load.php(50): require_once('/opt/lampp/htdo...')
#6 /opt/lampp/htdocs/elementor/wp-admin/admin-ajax.php(22): require_once('/opt/lampp/htdo...')
#7 {main}
  thrown in /opt/lampp/htdocs/elementor/wp-content/plugins/elementor/includes/plugin.php on line 877
[22-Jan-2024 10:23:52 UTC] PHP Fatal error:  Uncaught Error: Class "Elementor\Maintenance" not found in /opt/lampp/htdocs/elementor/wp-content/plugins/elementor/includes/plugin.php:877
Stack trace:
#0 /opt/lampp/htdocs/elementor/wp-content/plugins/elementor/includes/plugin.php(620): Elementor\Plugin->__construct()
#1 /opt/lampp/htdocs/elementor/wp-content/plugins/elementor/includes/plugin.php(891): Elementor\Plugin::instance()
#2 /opt/lampp/htdocs/elementor/wp-content/plugins/elementor/elementor.php(53): require('/opt/lampp/htdo...')
#3 /opt/lampp/htdocs/elementor/wp-settings.php(473): include_once('/opt/lampp/htdo...')
#4 /opt/lampp/htdocs/elementor/wp-config.php(101): require_once('/opt/lampp/htdo...')
#5 /opt/lampp/htdocs/elementor/wp-load.php(50): require_once('/opt/lampp/htdo...')
#6 /opt/lampp/htdocs/elementor/wp-blog-header.php(13): require_once('/opt/lampp/htdo...')
#7 /opt/lampp/htdocs/elementor/index.php(17): require('/opt/lampp/htdo...')
#8 {main}
  thrown in /opt/lampp/htdocs/elementor/wp-content/plugins/elementor/includes/plugin.php on line 877
[22-Jan-2024 10:23:52 UTC] PHP Notice:  Function is_embed was called incorrectly. Conditional query tags do not work before the query is run. Before then, they always return false. Please see <a>Debugging in WordPress</a> for more information. (This message was added in version 3.1.0.) in /opt/lampp/htdocs/elementor/wp-includes/functions.php on line 6031
[22-Jan-2024 10:23:52 UTC] PHP Notice:  Function is_search was called incorrectly. Conditional query tags do not work before the query is run. Before then, they always return false. Please see <a>Debugging in WordPress</a> for more information. (This message was added in version 3.1.0.) in /opt/lampp/htdocs/elementor/wp-includes/functions.php on line 6031
[22-Jan-2024 10:24:01 UTC] PHP Fatal error:  Uncaught Error: Class "Elementor\Maintenance" not found in /opt/lampp/htdocs/elementor/wp-content/plugins/elementor/includes/plugin.php:877
Stack trace:
#0 /opt/lampp/htdocs/elementor/wp-content/plugins/elementor/includes/plugin.php(620): Elementor\Plugin->__construct()
#1 /opt/lampp/htdocs/elementor/wp-content/plugins/elementor/includes/plugin.php(891): Elementor\Plugin::instance()
#2 /opt/lampp/htdocs/elementor/wp-content/plugins/elementor/elementor.php(53): require('/opt/lampp/htdo...')
#3 /opt/lampp/htdocs/elementor/wp-settings.php(473): include_once('/opt/lampp/htdo...')
#4 /opt/lampp/htdocs/elementor/wp-config.php(101): require_once('/opt/lampp/htdo...')
#5 /opt/lampp/htdocs/elementor/wp-load.php(50): require_once('/opt/lampp/htdo...')
#6 /opt/lampp/htdocs/elementor/wp-admin/admin.php(34): require_once('/opt/lampp/htdo...')
#7 /opt/lampp/htdocs/elementor/wp-admin/index.php(10): require_once('/opt/lampp/htdo...')
#8 {main}
  thrown in /opt/lampp/htdocs/elementor/wp-content/plugins/elementor/includes/plugin.php on line 877
[22-Jan-2024 10:24:01 UTC] PHP Notice:  Function is_embed was called incorrectly. Conditional query tags do not work before the query is run. Before then, they always return false. Please see <a>Debugging in WordPress</a> for more information. (This message was added in version 3.1.0.) in /opt/lampp/htdocs/elementor/wp-includes/functions.php on line 6031
[22-Jan-2024 10:24:01 UTC] PHP Notice:  Function is_search was called incorrectly. Conditional query tags do not work before the query is run. Before then, they always return false. Please see <a>Debugging in WordPress</a> for more information. (This message was added in version 3.1.0.) in /opt/lampp/htdocs/elementor/wp-includes/functions.php on line 6031
[22-Jan-2024 10:24:01 UTC] PHP Fatal error:  Uncaught Error: Class "Elementor\Maintenance" not found in /opt/lampp/htdocs/elementor/wp-content/plugins/elementor/includes/plugin.php:877
Stack trace:
#0 /opt/lampp/htdocs/elementor/wp-content/plugins/elementor/includes/plugin.php(620): Elementor\Plugin->__construct()
#1 /opt/lampp/htdocs/elementor/wp-content/plugins/elementor/includes/plugin.php(891): Elementor\Plugin::instance()
#2 /opt/lampp/htdocs/elementor/wp-content/plugins/elementor/elementor.php(53): require('/opt/lampp/htdo...')
#3 /opt/lampp/htdocs/elementor/wp-settings.php(473): include_once('/opt/lampp/htdo...')
#4 /opt/lampp/htdocs/elementor/wp-config.php(101): require_once('/opt/lampp/htdo...')
#5 /opt/lampp/htdocs/elementor/wp-load.php(50): require_once('/opt/lampp/htdo...')
#6 /opt/lampp/htdocs/elementor/wp-admin/admin.php(34): require_once('/opt/lampp/htdo...')
#7 /opt/lampp/htdocs/elementor/wp-admin/index.php(10): require_once('/opt/lampp/htdo...')
#8 {main}
  thrown in /opt/lampp/htdocs/elementor/wp-content/plugins/elementor/includes/plugin.php on line 877
[22-Jan-2024 10:24:01 UTC] PHP Notice:  Function is_embed was called incorrectly. Conditional query tags do not work before the query is run. Before then, they always return false. Please see <a>Debugging in WordPress</a> for more information. (This message was added in version 3.1.0.) in /opt/lampp/htdocs/elementor/wp-includes/functions.php on line 6031
[22-Jan-2024 10:24:01 UTC] PHP Notice:  Function is_search was called incorrectly. Conditional query tags do not work before the query is run. Before then, they always return false. Please see <a>Debugging in WordPress</a> for more information. (This message was added in version 3.1.0.) in /opt/lampp/htdocs/elementor/wp-includes/functions.php on line 6031
[22-Jan-2024 10:24:04 UTC] PHP Fatal error:  Uncaught Error: Class "Elementor\Maintenance" not found in /opt/lampp/htdocs/elementor/wp-content/plugins/elementor/includes/plugin.php:877
Stack trace:
#0 /opt/lampp/htdocs/elementor/wp-content/plugins/elementor/includes/plugin.php(620): Elementor\Plugin->__construct()
#1 /opt/lampp/htdocs/elementor/wp-content/plugins/elementor/includes/plugin.php(891): Elementor\Plugin::instance()
#2 /opt/lampp/htdocs/elementor/wp-content/plugins/elementor/elementor.php(53): require('/opt/lampp/htdo...')
#3 /opt/lampp/htdocs/elementor/wp-settings.php(473): include_once('/opt/lampp/htdo...')
#4 /opt/lampp/htdocs/elementor/wp-config.php(101): require_once('/opt/lampp/htdo...')
#5 /opt/lampp/htdocs/elementor/wp-load.php(50): require_once('/opt/lampp/htdo...')
#6 /opt/lampp/htdocs/elementor/wp-admin/admin-ajax.php(22): require_once('/opt/lampp/htdo...')
#7 {main}
  thrown in /opt/lampp/htdocs/elementor/wp-content/plugins/elementor/includes/plugin.php on line 877
[22-Jan-2024 10:24:19 UTC] PHP Fatal error:  Uncaught Error: Class "Elementor\Maintenance" not found in /opt/lampp/htdocs/elementor/wp-content/plugins/elementor/includes/plugin.php:877
Stack trace:
#0 /opt/lampp/htdocs/elementor/wp-content/plugins/elementor/includes/plugin.php(620): Elementor\Plugin->__construct()
#1 /opt/lampp/htdocs/elementor/wp-content/plugins/elementor/includes/plugin.php(891): Elementor\Plugin::instance()
#2 /opt/lampp/htdocs/elementor/wp-content/plugins/elementor/elementor.php(53): require('/opt/lampp/htdo...')
#3 /opt/lampp/htdocs/elementor/wp-settings.php(473): include_once('/opt/lampp/htdo...')
#4 /opt/lampp/htdocs/elementor/wp-config.php(101): require_once('/opt/lampp/htdo...')
#5 /opt/lampp/htdocs/elementor/wp-load.php(50): require_once('/opt/lampp/htdo...')
#6 /opt/lampp/htdocs/elementor/wp-admin/admin-ajax.php(22): require_once('/opt/lampp/htdo...')
#7 {main}
  thrown in /opt/lampp/htdocs/elementor/wp-content/plugins/elementor/includes/plugin.php on line 877
[22-Jan-2024 10:25:01 UTC] PHP Fatal error:  Uncaught Error: Class "Elementor\Maintenance" not found in /opt/lampp/htdocs/elementor/wp-content/plugins/elementor/includes/plugin.php:877
Stack trace:
#0 /opt/lampp/htdocs/elementor/wp-content/plugins/elementor/includes/plugin.php(620): Elementor\Plugin->__construct()
#1 /opt/lampp/htdocs/elementor/wp-content/plugins/elementor/includes/plugin.php(891): Elementor\Plugin::instance()
#2 /opt/lampp/htdocs/elementor/wp-content/plugins/elementor/elementor.php(53): require('/opt/lampp/htdo...')
#3 /opt/lampp/htdocs/elementor/wp-settings.php(473): include_once('/opt/lampp/htdo...')
#4 /opt/lampp/htdocs/elementor/wp-config.php(101): require_once('/opt/lampp/htdo...')
#5 /opt/lampp/htdocs/elementor/wp-load.php(50): require_once('/opt/lampp/htdo...')
#6 /opt/lampp/htdocs/elementor/wp-admin/admin.php(34): require_once('/opt/lampp/htdo...')
#7 /opt/lampp/htdocs/elementor/wp-admin/index.php(10): require_once('/opt/lampp/htdo...')
#8 {main}
  thrown in /opt/lampp/htdocs/elementor/wp-content/plugins/elementor/includes/plugin.php on line 877
[22-Jan-2024 10:25:01 UTC] PHP Notice:  Function is_embed was called incorrectly. Conditional query tags do not work before the query is run. Before then, they always return false. Please see <a>Debugging in WordPress</a> for more information. (This message was added in version 3.1.0.) in /opt/lampp/htdocs/elementor/wp-includes/functions.php on line 6031
[22-Jan-2024 10:25:01 UTC] PHP Notice:  Function is_search was called incorrectly. Conditional query tags do not work before the query is run. Before then, they always return false. Please see <a>Debugging in WordPress</a> for more information. (This message was added in version 3.1.0.) in /opt/lampp/htdocs/elementor/wp-includes/functions.php on line 6031
[22-Jan-2024 10:25:01 UTC] PHP Fatal error:  Uncaught Error: Class "Elementor\Maintenance" not found in /opt/lampp/htdocs/elementor/wp-content/plugins/elementor/includes/plugin.php:877
Stack trace:
#0 /opt/lampp/htdocs/elementor/wp-content/plugins/elementor/includes/plugin.php(620): Elementor\Plugin->__construct()
#1 /opt/lampp/htdocs/elementor/wp-content/plugins/elementor/includes/plugin.php(891): Elementor\Plugin::instance()
#2 /opt/lampp/htdocs/elementor/wp-content/plugins/elementor/elementor.php(53): require('/opt/lampp/htdo...')
#3 /opt/lampp/htdocs/elementor/wp-settings.php(473): include_once('/opt/lampp/htdo...')
#4 /opt/lampp/htdocs/elementor/wp-config.php(101): require_once('/opt/lampp/htdo...')
#5 /opt/lampp/htdocs/elementor/wp-load.php(50): require_once('/opt/lampp/htdo...')
#6 /opt/lampp/htdocs/elementor/wp-blog-header.php(13): require_once('/opt/lampp/htdo...')
#7 /opt/lampp/htdocs/elementor/index.php(17): require('/opt/lampp/htdo...')
#8 {main}
  thrown in /opt/lampp/htdocs/elementor/wp-content/plugins/elementor/includes/plugin.php on line 877
[22-Jan-2024 10:25:01 UTC] PHP Notice:  Function is_embed was called incorrectly. Conditional query tags do not work before the query is run. Before then, they always return false. Please see <a>Debugging in WordPress</a> for more information. (This message was added in version 3.1.0.) in /opt/lampp/htdocs/elementor/wp-includes/functions.php on line 6031
[22-Jan-2024 10:25:01 UTC] PHP Notice:  Function is_search was called incorrectly. Conditional query tags do not work before the query is run. Before then, they always return false. Please see <a>Debugging in WordPress</a> for more information. (This message was added in version 3.1.0.) in /opt/lampp/htdocs/elementor/wp-includes/functions.php on line 6031
[22-Jan-2024 10:25:04 UTC] PHP Fatal error:  Uncaught Error: Class "Elementor\Maintenance" not found in /opt/lampp/htdocs/elementor/wp-content/plugins/elementor/includes/plugin.php:877
Stack trace:
#0 /opt/lampp/htdocs/elementor/wp-content/plugins/elementor/includes/plugin.php(620): Elementor\Plugin->__construct()
#1 /opt/lampp/htdocs/elementor/wp-content/plugins/elementor/includes/plugin.php(891): Elementor\Plugin::instance()
#2 /opt/lampp/htdocs/elementor/wp-content/plugins/elementor/elementor.php(53): require('/opt/lampp/htdo...')
#3 /opt/lampp/htdocs/elementor/wp-settings.php(473): include_once('/opt/lampp/htdo...')
#4 /opt/lampp/htdocs/elementor/wp-config.php(101): require_once('/opt/lampp/htdo...')
#5 /opt/lampp/htdocs/elementor/wp-load.php(50): require_once('/opt/lampp/htdo...')
#6 /opt/lampp/htdocs/elementor/wp-admin/admin.php(34): require_once('/opt/lampp/htdo...')
#7 /opt/lampp/htdocs/elementor/wp-admin/index.php(10): require_once('/opt/lampp/htdo...')
#8 {main}
  thrown in /opt/lampp/htdocs/elementor/wp-content/plugins/elementor/includes/plugin.php on line 877
[22-Jan-2024 10:25:04 UTC] PHP Notice:  Function is_embed was called incorrectly. Conditional query tags do not work before the query is run. Before then, they always return false. Please see <a>Debugging in WordPress</a> for more information. (This message was added in version 3.1.0.) in /opt/lampp/htdocs/elementor/wp-includes/functions.php on line 6031
[22-Jan-2024 10:25:04 UTC] PHP Notice:  Function is_search was called incorrectly. Conditional query tags do not work before the query is run. Before then, they always return false. Please see <a>Debugging in WordPress</a> for more information. (This message was added in version 3.1.0.) in /opt/lampp/htdocs/elementor/wp-includes/functions.php on line 6031
[22-Jan-2024 10:25:49 UTC] PHP Fatal error:  Uncaught Error: Class "Elementor\Maintenance" not found in /opt/lampp/htdocs/elementor/wp-content/plugins/elementor/includes/plugin.php:877
Stack trace:
#0 /opt/lampp/htdocs/elementor/wp-content/plugins/elementor/includes/plugin.php(620): Elementor\Plugin->__construct()
#1 /opt/lampp/htdocs/elementor/wp-content/plugins/elementor/includes/plugin.php(891): Elementor\Plugin::instance()
#2 /opt/lampp/htdocs/elementor/wp-content/plugins/elementor/elementor.php(53): require('/opt/lampp/htdo...')
#3 /opt/lampp/htdocs/elementor/wp-settings.php(473): include_once('/opt/lampp/htdo...')
#4 /opt/lampp/htdocs/elementor/wp-config.php(101): require_once('/opt/lampp/htdo...')
#5 /opt/lampp/htdocs/elementor/wp-load.php(50): require_once('/opt/lampp/htdo...')
#6 /opt/lampp/htdocs/elementor/wp-admin/admin-ajax.php(22): require_once('/opt/lampp/htdo...')
#7 {main}
  thrown in /opt/lampp/htdocs/elementor/wp-content/plugins/elementor/includes/plugin.php on line 877
[22-Jan-2024 10:27:51 UTC] PHP Fatal error:  Uncaught Error: Class "Elementor\Maintenance" not found in /opt/lampp/htdocs/elementor/wp-content/plugins/elementor/includes/plugin.php:877
Stack trace:
#0 /opt/lampp/htdocs/elementor/wp-content/plugins/elementor/includes/plugin.php(620): Elementor\Plugin->__construct()
#1 /opt/lampp/htdocs/elementor/wp-content/plugins/elementor/includes/plugin.php(891): Elementor\Plugin::instance()
#2 /opt/lampp/htdocs/elementor/wp-content/plugins/elementor/elementor.php(53): require('/opt/lampp/htdo...')
#3 /opt/lampp/htdocs/elementor/wp-admin/includes/plugin.php(2318): include_once('/opt/lampp/htdo...')
#4 /opt/lampp/htdocs/elementor/wp-admin/includes/plugin.php(663): plugin_sandbox_scrape('elementor/eleme...')
#5 /opt/lampp/htdocs/elementor/wp-admin/plugins.php(58): activate_plugin('elementor/eleme...', 'http://192.168....', false)
#6 {main}
  thrown in /opt/lampp/htdocs/elementor/wp-content/plugins/elementor/includes/plugin.php on line 877
[22-Jan-2024 10:27:54 UTC] PHP Fatal error:  Uncaught Error: Class "Elementor\Maintenance" not found in /opt/lampp/htdocs/elementor/wp-content/plugins/elementor/includes/plugin.php:877
Stack trace:
#0 /opt/lampp/htdocs/elementor/wp-content/plugins/elementor/includes/plugin.php(620): Elementor\Plugin->__construct()
#1 /opt/lampp/htdocs/elementor/wp-content/plugins/elementor/includes/plugin.php(891): Elementor\Plugin::instance()
#2 /opt/lampp/htdocs/elementor/wp-content/plugins/elementor/elementor.php(53): require('/opt/lampp/htdo...')
#3 /opt/lampp/htdocs/elementor/wp-admin/includes/plugin.php(2318): include_once('/opt/lampp/htdo...')
#4 /opt/lampp/htdocs/elementor/wp-admin/includes/plugin.php(663): plugin_sandbox_scrape('elementor/eleme...')
#5 /opt/lampp/htdocs/elementor/wp-admin/plugins.php(58): activate_plugin('elementor/eleme...', 'http://192.168....', false)
#6 {main}
  thrown in /opt/lampp/htdocs/elementor/wp-content/plugins/elementor/includes/plugin.php on line 877
[22-Jan-2024 10:28:16 UTC] PHP Fatal error:  Uncaught Error: Class "Elementor\Maintenance" not found in /opt/lampp/htdocs/elementor/wp-content/plugins/elementor/includes/plugin.php:877
Stack trace:
#0 /opt/lampp/htdocs/elementor/wp-content/plugins/elementor/includes/plugin.php(620): Elementor\Plugin->__construct()
#1 /opt/lampp/htdocs/elementor/wp-content/plugins/elementor/includes/plugin.php(891): Elementor\Plugin::instance()
#2 /opt/lampp/htdocs/elementor/wp-content/plugins/elementor/elementor.php(53): require('/opt/lampp/htdo...')
#3 /opt/lampp/htdocs/elementor/wp-admin/includes/plugin.php(2318): include_once('/opt/lampp/htdo...')
#4 /opt/lampp/htdocs/elementor/wp-admin/includes/plugin.php(663): plugin_sandbox_scrape('elementor/eleme...')
#5 /opt/lampp/htdocs/elementor/wp-admin/plugins.php(58): activate_plugin('elementor/eleme...', 'http://192.168....', false)
#6 {main}
  thrown in /opt/lampp/htdocs/elementor/wp-content/plugins/elementor/includes/plugin.php on line 877
[22-Jan-2024 10:29:46 UTC] PHP Fatal error:  Uncaught Error: Class "Elementor\Maintenance" not found in /opt/lampp/htdocs/elementor/wp-content/plugins/elementor/includes/plugin.php:877
Stack trace:
#0 /opt/lampp/htdocs/elementor/wp-content/plugins/elementor/includes/plugin.php(620): Elementor\Plugin->__construct()
#1 /opt/lampp/htdocs/elementor/wp-content/plugins/elementor/includes/plugin.php(891): Elementor\Plugin::instance()
#2 /opt/lampp/htdocs/elementor/wp-content/plugins/elementor/elementor.php(53): require('/opt/lampp/htdo...')
#3 /opt/lampp/htdocs/elementor/wp-admin/includes/plugin.php(2318): include_once('/opt/lampp/htdo...')
#4 /opt/lampp/htdocs/elementor/wp-admin/includes/plugin.php(663): plugin_sandbox_scrape('elementor/eleme...')
#5 /opt/lampp/htdocs/elementor/wp-admin/plugins.php(58): activate_plugin('elementor/eleme...', 'http://192.168....', false)
#6 {main}
  thrown in /opt/lampp/htdocs/elementor/wp-content/plugins/elementor/includes/plugin.php on line 877
[22-Jan-2024 12:13:31 UTC] PHP Warning:  mysqli_real_connect(): (HY000/2002): Connection refused in /opt/lampp/htdocs/elementor/wp-includes/class-wpdb.php on line 1987
