2024-01-16T07:05:01+00:00 CRITICAL Uncaught TypeError: call_user_func_array(): Argument #1 ($callback) must be a valid callback, function "chld_thm_cfg_locale_css" not found or invalid function name in /opt/lampp/htdocs/elementor/wp-includes/class-wp-hook.php:326
Stack trace:
#0 /opt/lampp/htdocs/elementor/wp-includes/plugin.php(205): WP_Hook->apply_filters('', Array)
#1 /opt/lampp/htdocs/elementor/wp-includes/theme.php(301): apply_filters('locale_styleshe...', '', 'http://localhos...')
#2 /opt/lampp/htdocs/elementor/wp-includes/theme.php(725): get_locale_stylesheet_uri()
#3 /opt/lampp/htdocs/elementor/wp-includes/class-wp-hook.php(324): locale_stylesheet('')
#4 /opt/lampp/htdocs/elementor/wp-includes/class-wp-hook.php(348): WP_Hook->apply_filters(NULL, Array)
#5 /opt/lampp/htdocs/elementor/wp-includes/plugin.php(517): WP_Hook->do_action(Array)
#6 /opt/lampp/htdocs/elementor/wp-includes/general-template.php(3052): do_action('wp_head')
#7 /opt/lampp/htdocs/elementor/wp-content/themes/hello-elementor/header.php(24): wp_head()
#8 /opt/lampp/htdocs/elementor/wp-includes/template.php(790): require_once('/opt/lampp/htdo...')
#9 /opt/lampp/htdocs/elementor/wp-includes/template.php(725): load_template('/opt/lampp/htdo...', true, Array)
#10 /opt/lampp/htdocs/elementor/wp-includes/general-template.php(48): locate_template(Array, true, true, Array)
#11 /opt/lampp/htdocs/elementor/wp-content/themes/hello-elementor/index.php(15): get_header()
#12 /opt/lampp/htdocs/elementor/wp-includes/template-loader.php(106): include('/opt/lampp/htdo...')
#13 /opt/lampp/htdocs/elementor/wp-blog-header.php(19): require_once('/opt/lampp/htdo...')
#14 /opt/lampp/htdocs/elementor/index.php(17): require('/opt/lampp/htdo...')
#15 {main}
  thrown in /opt/lampp/htdocs/elementor/wp-includes/class-wp-hook.php on line 326

2024-01-16T07:05:09+00:00 CRITICAL Uncaught TypeError: call_user_func_array(): Argument #1 ($callback) must be a valid callback, function "chld_thm_cfg_locale_css" not found or invalid function name in /opt/lampp/htdocs/elementor/wp-includes/class-wp-hook.php:326
Stack trace:
#0 /opt/lampp/htdocs/elementor/wp-includes/plugin.php(205): WP_Hook->apply_filters('', Array)
#1 /opt/lampp/htdocs/elementor/wp-includes/theme.php(301): apply_filters('locale_styleshe...', '', 'http://localhos...')
#2 /opt/lampp/htdocs/elementor/wp-includes/theme.php(725): get_locale_stylesheet_uri()
#3 /opt/lampp/htdocs/elementor/wp-includes/class-wp-hook.php(324): locale_stylesheet('')
#4 /opt/lampp/htdocs/elementor/wp-includes/class-wp-hook.php(348): WP_Hook->apply_filters(NULL, Array)
#5 /opt/lampp/htdocs/elementor/wp-includes/plugin.php(517): WP_Hook->do_action(Array)
#6 /opt/lampp/htdocs/elementor/wp-includes/general-template.php(3052): do_action('wp_head')
#7 /opt/lampp/htdocs/elementor/wp-content/themes/hello-elementor/header.php(24): wp_head()
#8 /opt/lampp/htdocs/elementor/wp-includes/template.php(790): require_once('/opt/lampp/htdo...')
#9 /opt/lampp/htdocs/elementor/wp-includes/template.php(725): load_template('/opt/lampp/htdo...', true, Array)
#10 /opt/lampp/htdocs/elementor/wp-includes/general-template.php(48): locate_template(Array, true, true, Array)
#11 /opt/lampp/htdocs/elementor/wp-content/themes/hello-elementor/index.php(15): get_header()
#12 /opt/lampp/htdocs/elementor/wp-includes/template-loader.php(106): include('/opt/lampp/htdo...')
#13 /opt/lampp/htdocs/elementor/wp-blog-header.php(19): require_once('/opt/lampp/htdo...')
#14 /opt/lampp/htdocs/elementor/index.php(17): require('/opt/lampp/htdo...')
#15 {main}
  thrown in /opt/lampp/htdocs/elementor/wp-includes/class-wp-hook.php on line 326

2024-01-16T07:27:53+00:00 CRITICAL syntax error, unexpected end of file in /opt/lampp/htdocs/elementor/wp-content/themes/hello-elementor-child/functions.php on line 24

2024-01-16T08:45:19+00:00 CRITICAL Uncaught Error: Call to undefined function wp_header() in /opt/lampp/htdocs/elementor/wp-content/themes/hello-elementor-child/header.php:12
Stack trace:
#0 /opt/lampp/htdocs/elementor/wp-includes/template.php(790): require_once()
#1 /opt/lampp/htdocs/elementor/wp-includes/template.php(725): load_template('/opt/lampp/htdo...', true, Array)
#2 /opt/lampp/htdocs/elementor/wp-includes/general-template.php(48): locate_template(Array, true, true, Array)
#3 /opt/lampp/htdocs/elementor/wp-content/themes/hello-elementor/index.php(15): get_header()
#4 /opt/lampp/htdocs/elementor/wp-includes/template-loader.php(106): include('/opt/lampp/htdo...')
#5 /opt/lampp/htdocs/elementor/wp-blog-header.php(19): require_once('/opt/lampp/htdo...')
#6 /opt/lampp/htdocs/elementor/index.php(17): require('/opt/lampp/htdo...')
#7 {main}
  thrown in /opt/lampp/htdocs/elementor/wp-content/themes/hello-elementor-child/header.php on line 12

2024-01-16T08:45:23+00:00 CRITICAL Uncaught Error: Call to undefined function wp_header() in /opt/lampp/htdocs/elementor/wp-content/themes/hello-elementor-child/header.php:12
Stack trace:
#0 /opt/lampp/htdocs/elementor/wp-includes/template.php(790): require_once()
#1 /opt/lampp/htdocs/elementor/wp-includes/template.php(725): load_template('/opt/lampp/htdo...', true, Array)
#2 /opt/lampp/htdocs/elementor/wp-includes/general-template.php(48): locate_template(Array, true, true, Array)
#3 /opt/lampp/htdocs/elementor/wp-content/themes/hello-elementor/index.php(15): get_header()
#4 /opt/lampp/htdocs/elementor/wp-includes/template-loader.php(106): include('/opt/lampp/htdo...')
#5 /opt/lampp/htdocs/elementor/wp-blog-header.php(19): require_once('/opt/lampp/htdo...')
#6 /opt/lampp/htdocs/elementor/index.php(17): require('/opt/lampp/htdo...')
#7 {main}
  thrown in /opt/lampp/htdocs/elementor/wp-content/themes/hello-elementor-child/header.php on line 12

2024-01-16T09:03:33+00:00 CRITICAL Uncaught ArgumentCountError: Too few arguments to function customize_wishlist_menu_icon(), 2 passed in /opt/lampp/htdocs/elementor/wp-includes/class-wp-hook.php on line 324 and exactly 3 expected in /opt/lampp/htdocs/elementor/wp-content/themes/hello-elementor-child/functions.php:29
Stack trace:
#0 /opt/lampp/htdocs/elementor/wp-includes/class-wp-hook.php(324): customize_wishlist_menu_icon(Array, Object(stdClass))
#1 /opt/lampp/htdocs/elementor/wp-includes/plugin.php(205): WP_Hook->apply_filters(Array, Array)
#2 /opt/lampp/htdocs/elementor/wp-includes/nav-menu-template.php(234): apply_filters('wp_nav_menu_obj...', Array, Object(stdClass))
#3 /opt/lampp/htdocs/elementor/wp-content/themes/hello-elementor/template-parts/dynamic-header.php(20): wp_nav_menu(Object(stdClass))
#4 /opt/lampp/htdocs/elementor/wp-includes/template.php(792): require('/opt/lampp/htdo...')
#5 /opt/lampp/htdocs/elementor/wp-includes/template.php(725): load_template('/opt/lampp/htdo...', false, Array)
#6 /opt/lampp/htdocs/elementor/wp-includes/general-template.php(206): locate_template(Array, true, false, Array)
#7 /opt/lampp/htdocs/elementor/wp-content/themes/hello-elementor/header.php(38): get_template_part('template-parts/...')
#8 /opt/lampp/htdocs/elementor/wp-includes/template.php(790): require_once('/opt/lampp/htdo...')
#9 /opt/lampp/htdocs/elementor/wp-includes/template.php(725): load_template('/opt/lampp/htdo...', true, Array)
#10 /opt/lampp/htdocs/elementor/wp-includes/general-template.php(48): locate_template(Array, true, true, Array)
#11 /opt/lampp/htdocs/elementor/wp-content/themes/hello-elementor/index.php(15): get_header()
#12 /opt/lampp/htdocs/elementor/wp-includes/template-loader.php(106): include('/opt/lampp/htdo...')
#13 /opt/lampp/htdocs/elementor/wp-blog-header.php(19): require_once('/opt/lampp/htdo...')
#14 /opt/lampp/htdocs/elementor/index.php(17): require('/opt/lampp/htdo...')
#15 {main}
  thrown in /opt/lampp/htdocs/elementor/wp-content/themes/hello-elementor-child/functions.php on line 29

2024-01-16T09:03:58+00:00 CRITICAL Uncaught ArgumentCountError: Too few arguments to function customize_wishlist_menu_icon(), 2 passed in /opt/lampp/htdocs/elementor/wp-includes/class-wp-hook.php on line 324 and exactly 3 expected in /opt/lampp/htdocs/elementor/wp-content/themes/hello-elementor-child/functions.php:29
Stack trace:
#0 /opt/lampp/htdocs/elementor/wp-includes/class-wp-hook.php(324): customize_wishlist_menu_icon(Array, Object(stdClass))
#1 /opt/lampp/htdocs/elementor/wp-includes/plugin.php(205): WP_Hook->apply_filters(Array, Array)
#2 /opt/lampp/htdocs/elementor/wp-includes/nav-menu-template.php(234): apply_filters('wp_nav_menu_obj...', Array, Object(stdClass))
#3 /opt/lampp/htdocs/elementor/wp-content/themes/hello-elementor/template-parts/dynamic-header.php(20): wp_nav_menu(Object(stdClass))
#4 /opt/lampp/htdocs/elementor/wp-includes/template.php(792): require('/opt/lampp/htdo...')
#5 /opt/lampp/htdocs/elementor/wp-includes/template.php(725): load_template('/opt/lampp/htdo...', false, Array)
#6 /opt/lampp/htdocs/elementor/wp-includes/general-template.php(206): locate_template(Array, true, false, Array)
#7 /opt/lampp/htdocs/elementor/wp-content/themes/hello-elementor/header.php(38): get_template_part('template-parts/...')
#8 /opt/lampp/htdocs/elementor/wp-includes/template.php(790): require_once('/opt/lampp/htdo...')
#9 /opt/lampp/htdocs/elementor/wp-includes/template.php(725): load_template('/opt/lampp/htdo...', true, Array)
#10 /opt/lampp/htdocs/elementor/wp-includes/general-template.php(48): locate_template(Array, true, true, Array)
#11 /opt/lampp/htdocs/elementor/wp-content/themes/hello-elementor/index.php(15): get_header()
#12 /opt/lampp/htdocs/elementor/wp-includes/template-loader.php(106): include('/opt/lampp/htdo...')
#13 /opt/lampp/htdocs/elementor/wp-blog-header.php(19): require_once('/opt/lampp/htdo...')
#14 /opt/lampp/htdocs/elementor/index.php(17): require('/opt/lampp/htdo...')
#15 {main}
  thrown in /opt/lampp/htdocs/elementor/wp-content/themes/hello-elementor-child/functions.php on line 29

