2024-01-22T08:59:52+00:00 CRITICAL Uncaught Error: Class "\ElementorPro\Modules\ThemeBuilder\Conditions\General" not found in /opt/lampp/htdocs/elementor/wp-content/plugins/elementor-pro/modules/theme-builder/classes/conditions-manager.php:182
Stack trace:
#0 /opt/lampp/htdocs/elementor/wp-content/plugins/elementor-pro/modules/theme-builder/classes/conditions-manager.php(264): ElementorPro\Modules\ThemeBuilder\Classes\Conditions_Manager->register_condition('general')
#1 /opt/lampp/htdocs/elementor/wp-includes/class-wp-hook.php(324): ElementorPro\Modules\ThemeBuilder\Classes\Conditions_Manager->register_conditions('')
#2 /opt/lampp/htdocs/elementor/wp-includes/class-wp-hook.php(348): WP_Hook->apply_filters(NULL, Array)
#3 /opt/lampp/htdocs/elementor/wp-includes/plugin.php(517): WP_Hook->do_action(Array)
#4 /opt/lampp/htdocs/elementor/wp-settings.php(665): do_action('wp_loaded')
#5 /opt/lampp/htdocs/elementor/wp-config.php(101): require_once('/opt/lampp/htdo...')
#6 /opt/lampp/htdocs/elementor/wp-load.php(50): require_once('/opt/lampp/htdo...')
#7 /opt/lampp/htdocs/elementor/wp-cron.php(46): require_once('/opt/lampp/htdo...')
#8 {main}
  thrown in /opt/lampp/htdocs/elementor/wp-content/plugins/elementor-pro/modules/theme-builder/classes/conditions-manager.php on line 182

2024-01-22T08:59:52+00:00 CRITICAL Uncaught Error: Class "ElementorPro\Modules\Forms\Submissions\Database\Migration" not found in /opt/lampp/htdocs/elementor/wp-content/plugins/elementor-pro/modules/forms/submissions/component.php:168
Stack trace:
#0 /opt/lampp/htdocs/elementor/wp-includes/class-wp-hook.php(324): ElementorPro\Modules\Forms\Submissions\Component->ElementorPro\Modules\Forms\Submissions\{closure}('')
#1 /opt/lampp/htdocs/elementor/wp-includes/class-wp-hook.php(348): WP_Hook->apply_filters(NULL, Array)
#2 /opt/lampp/htdocs/elementor/wp-includes/plugin.php(517): WP_Hook->do_action(Array)
#3 /opt/lampp/htdocs/elementor/wp-admin/admin-ajax.php(45): do_action('admin_init')
#4 {main}
  thrown in /opt/lampp/htdocs/elementor/wp-content/plugins/elementor-pro/modules/forms/submissions/component.php on line 168

2024-01-22T10:27:51+00:00 CRITICAL Uncaught Error: Class "Elementor\Maintenance" not found in /opt/lampp/htdocs/elementor/wp-content/plugins/elementor/includes/plugin.php:877
Stack trace:
#0 /opt/lampp/htdocs/elementor/wp-content/plugins/elementor/includes/plugin.php(620): Elementor\Plugin->__construct()
#1 /opt/lampp/htdocs/elementor/wp-content/plugins/elementor/includes/plugin.php(891): Elementor\Plugin::instance()
#2 /opt/lampp/htdocs/elementor/wp-content/plugins/elementor/elementor.php(53): require('/opt/lampp/htdo...')
#3 /opt/lampp/htdocs/elementor/wp-admin/includes/plugin.php(2318): include_once('/opt/lampp/htdo...')
#4 /opt/lampp/htdocs/elementor/wp-admin/includes/plugin.php(663): plugin_sandbox_scrape('elementor/eleme...')
#5 /opt/lampp/htdocs/elementor/wp-admin/plugins.php(58): activate_plugin('elementor/eleme...', 'http://192.168....', false)
#6 {main}
  thrown in /opt/lampp/htdocs/elementor/wp-content/plugins/elementor/includes/plugin.php on line 877

2024-01-22T10:27:54+00:00 CRITICAL Uncaught Error: Class "Elementor\Maintenance" not found in /opt/lampp/htdocs/elementor/wp-content/plugins/elementor/includes/plugin.php:877
Stack trace:
#0 /opt/lampp/htdocs/elementor/wp-content/plugins/elementor/includes/plugin.php(620): Elementor\Plugin->__construct()
#1 /opt/lampp/htdocs/elementor/wp-content/plugins/elementor/includes/plugin.php(891): Elementor\Plugin::instance()
#2 /opt/lampp/htdocs/elementor/wp-content/plugins/elementor/elementor.php(53): require('/opt/lampp/htdo...')
#3 /opt/lampp/htdocs/elementor/wp-admin/includes/plugin.php(2318): include_once('/opt/lampp/htdo...')
#4 /opt/lampp/htdocs/elementor/wp-admin/includes/plugin.php(663): plugin_sandbox_scrape('elementor/eleme...')
#5 /opt/lampp/htdocs/elementor/wp-admin/plugins.php(58): activate_plugin('elementor/eleme...', 'http://192.168....', false)
#6 {main}
  thrown in /opt/lampp/htdocs/elementor/wp-content/plugins/elementor/includes/plugin.php on line 877

2024-01-22T10:28:16+00:00 CRITICAL Uncaught Error: Class "Elementor\Maintenance" not found in /opt/lampp/htdocs/elementor/wp-content/plugins/elementor/includes/plugin.php:877
Stack trace:
#0 /opt/lampp/htdocs/elementor/wp-content/plugins/elementor/includes/plugin.php(620): Elementor\Plugin->__construct()
#1 /opt/lampp/htdocs/elementor/wp-content/plugins/elementor/includes/plugin.php(891): Elementor\Plugin::instance()
#2 /opt/lampp/htdocs/elementor/wp-content/plugins/elementor/elementor.php(53): require('/opt/lampp/htdo...')
#3 /opt/lampp/htdocs/elementor/wp-admin/includes/plugin.php(2318): include_once('/opt/lampp/htdo...')
#4 /opt/lampp/htdocs/elementor/wp-admin/includes/plugin.php(663): plugin_sandbox_scrape('elementor/eleme...')
#5 /opt/lampp/htdocs/elementor/wp-admin/plugins.php(58): activate_plugin('elementor/eleme...', 'http://192.168....', false)
#6 {main}
  thrown in /opt/lampp/htdocs/elementor/wp-content/plugins/elementor/includes/plugin.php on line 877

2024-01-22T10:29:46+00:00 CRITICAL Uncaught Error: Class "Elementor\Maintenance" not found in /opt/lampp/htdocs/elementor/wp-content/plugins/elementor/includes/plugin.php:877
Stack trace:
#0 /opt/lampp/htdocs/elementor/wp-content/plugins/elementor/includes/plugin.php(620): Elementor\Plugin->__construct()
#1 /opt/lampp/htdocs/elementor/wp-content/plugins/elementor/includes/plugin.php(891): Elementor\Plugin::instance()
#2 /opt/lampp/htdocs/elementor/wp-content/plugins/elementor/elementor.php(53): require('/opt/lampp/htdo...')
#3 /opt/lampp/htdocs/elementor/wp-admin/includes/plugin.php(2318): include_once('/opt/lampp/htdo...')
#4 /opt/lampp/htdocs/elementor/wp-admin/includes/plugin.php(663): plugin_sandbox_scrape('elementor/eleme...')
#5 /opt/lampp/htdocs/elementor/wp-admin/plugins.php(58): activate_plugin('elementor/eleme...', 'http://192.168....', false)
#6 {main}
  thrown in /opt/lampp/htdocs/elementor/wp-content/plugins/elementor/includes/plugin.php on line 877

